<?xml version="1.0" encoding="UTF-8"?>
<!-- Generated by org.testng.reporters.JUnitXMLReporter -->
<testsuite ignored="4" hostname="Lenovo" failures="1" tests="3" name="Test1" time="141.8" errors="0" timestamp="2023-09-20T17:55:52 IST">
  <testcase classname="com.tourPackage.NavigateToTourPackagePOM" name="navigateToTourPackagePOM" time="18.857"/>
  <testcase classname="com.login.VerifyAdminLoginPOM" name="verifyAdminLoginPOM" time="1.46">
    <failure type="java.lang.AssertionError" message="null">
      <![CDATA[java.lang.AssertionError: null
at com.login.VerifyAdminLoginPOM.verifyAdminLoginPOM(VerifyAdminLoginPOM.java:47)
at java.base/java.util.ArrayList.forEach(ArrayList.java:1511)
at java.base/java.util.concurrent.FutureTask.run(FutureTask.java:264)
at java.base/java.util.concurrent.ThreadPoolExecutor.runWorker(ThreadPoolExecutor.java:1136)
at java.base/java.util.concurrent.ThreadPoolExecutor$Worker.run(ThreadPoolExecutor.java:635)
at java.base/java.lang.Thread.run(Thread.java:833)
... Removed 19 stack frames]]>
    </failure>
  </testcase> <!-- verifyAdminLoginPOM -->
  <testcase classname="com.enquiry.EnquiryToAdminPOM" name="enquiryToAdminPOM" time="17.519"/>
  <testcase classname="com.TMS.genericUtils.BaseClass" name="@AfterSuite confgAS" time="0.0">
    <ignored/>
  </testcase> <!-- @AfterSuite confgAS -->
  <testcase classname="com.TMS.genericUtils.BaseClass" name="@AfterSuite confgAS" time="0.0">
    <ignored/>
  </testcase> <!-- @AfterSuite confgAS -->
  <testcase classname="com.TMS.genericUtils.BaseClass" name="@BeforeSuite confgBS" time="0.0">
    <ignored/>
  </testcase> <!-- @BeforeSuite confgBS -->
  <testcase classname="com.TMS.genericUtils.BaseClass" name="@BeforeSuite confgBS" time="0.0">
    <ignored/>
  </testcase> <!-- @BeforeSuite confgBS -->
</testsuite> <!-- Test1 -->
